2023-05-22 19:31:46,831 WARNING [default] Unable to locate file for player (C:\msys64\home\User\CustomProgram\bin\Debug\net6.0\images\playerleftsmall.png)
2023-05-22 19:32:26,174 WARNING [default] Unable to locate file for player (C:\msys64\home\User\CustomProgram\bin\Debug\net6.0\images\playerleftsmall.png)
2023-05-22 19:33:32,243 WARNING [default] Unable to locate file for player (C:\msys64\home\User\CustomProgram\bin\Debug\net6.0\images\playerleftsmall.png)
2023-05-22 19:34:11,245 WARNING [default] Unable to locate file for player (C:\msys64\home\User\CustomProgram\bin\Debug\net6.0\images\playerleftsmall.png)
2023-05-22 19:37:10,900 WARNING [default] Unable to locate file for player (C:\msys64\home\User\CustomProgram\bin\Debug\net6.0\images\playerleftsmall.png)
2023-05-22 19:37:10,924 WARNING [default] Unable to locate file for player (C:\msys64\home\User\CustomProgram\bin\Debug\net6.0\images\playerleftsmall.png)
2023-05-22 19:41:06,047 WARNING [default] Unable to locate file for player (C:\msys64\home\User\CustomProgram\bin\Debug\net6.0\images\playerleftsmall.png)
2023-05-22 19:41:06,071 WARNING [default] Unable to locate file for player (C:\msys64\home\User\CustomProgram\bin\Debug\net6.0\images\playerleftsmall.png)
2023-05-22 19:41:06,072 WARNING [default] Unable to locate file for fish7 (C:\msys64\home\User\CustomProgram\bin\Debug\net6.0\images\sharkleft.png)
2023-05-22 19:41:06,116 WARNING [default] Unable to locate file for player (C:\msys64\home\User\CustomProgram\bin\Debug\net6.0\images\playerleftsmall.png)
2023-05-22 19:41:29,157 WARNING [default] Unable to locate file for player (C:\msys64\home\User\CustomProgram\bin\Debug\net6.0\images\playerleftsmall.png)
2023-05-22 19:41:29,181 WARNING [default] Unable to locate file for player (C:\msys64\home\User\CustomProgram\bin\Debug\net6.0\images\playerleftsmall.png)
2023-05-22 19:41:29,182 WARNING [default] Unable to locate file for fish7 (C:\msys64\home\User\CustomProgram\bin\Debug\net6.0\images\sharkleft.png)
2023-05-22 19:41:29,184 WARNING [default] Unable to locate file for player (C:\msys64\home\User\CustomProgram\bin\Debug\net6.0\images\playerleftsmall.png)
2023-05-22 19:42:49,161 WARNING [default] Unable to locate file for player (C:\msys64\home\User\CustomProgram\bin\Debug\net6.0\images\playerleftsmall.png)
2023-05-22 19:42:49,187 WARNING [default] Unable to locate file for player (C:\msys64\home\User\CustomProgram\bin\Debug\net6.0\images\playerleftsmall.png)
2023-05-22 19:42:49,188 WARNING [default] Unable to locate file for fish8 (C:\msys64\home\User\CustomProgram\bin\Debug\net6.0\images\sharkright.png)
2023-05-22 19:42:49,189 WARNING [default] Unable to locate file for player (C:\msys64\home\User\CustomProgram\bin\Debug\net6.0\images\playerleftsmall.png)
2023-05-22 19:47:44,103 WARNING [default] Unable to locate file for player (C:\msys64\home\User\CustomProgram\bin\Debug\net6.0\images\playerleftsmall.png)
2023-05-22 19:47:44,106 WARNING [default] Unable to locate file for fish3 (C:\msys64\home\User\CustomProgram\bin\Debug\net6.0\images\mediumleft.png)
2023-05-22 19:47:44,107 WARNING [default] Unable to locate file for fish6 (C:\msys64\home\User\CustomProgram\bin\Debug\net6.0\images\largeright.png)
2023-05-22 19:47:44,129 WARNING [default] Unable to locate file for player (C:\msys64\home\User\CustomProgram\bin\Debug\net6.0\images\playerleftsmall.png)
2023-05-22 19:47:44,132 WARNING [default] Unable to locate file for player (C:\msys64\home\User\CustomProgram\bin\Debug\net6.0\images\playerleftsmall.png)
2023-05-22 19:47:44,132 WARNING [default] Unable to locate file for fish7 (C:\msys64\home\User\CustomProgram\bin\Debug\net6.0\images\sharkleft.png)
2023-05-22 19:47:44,133 WARNING [default] Unable to locate file for player (C:\msys64\home\User\CustomProgram\bin\Debug\net6.0\images\playerleftsmall.png)
2023-05-22 19:48:16,215 WARNING [default] Unable to locate file for player (C:\msys64\home\User\CustomProgram\bin\Debug\net6.0\images\playerleftsmall.png)
2023-05-22 19:48:16,218 WARNING [default] Unable to locate file for fish4 (C:\msys64\home\User\CustomProgram\bin\Debug\net6.0\images\mediumright.png)
2023-05-22 19:48:16,218 WARNING [default] Unable to locate file for fish6 (C:\msys64\home\User\CustomProgram\bin\Debug\net6.0\images\largeright.png)
2023-05-22 19:48:16,240 WARNING [default] Unable to locate file for player (C:\msys64\home\User\CustomProgram\bin\Debug\net6.0\images\playerleftsmall.png)
2023-05-22 19:48:16,242 WARNING [default] Unable to locate file for player (C:\msys64\home\User\CustomProgram\bin\Debug\net6.0\images\playerleftsmall.png)
2023-05-22 19:48:16,242 WARNING [default] Unable to locate file for fish8 (C:\msys64\home\User\CustomProgram\bin\Debug\net6.0\images\sharkright.png)
2023-05-22 19:48:16,243 WARNING [default] Unable to locate file for player (C:\msys64\home\User\CustomProgram\bin\Debug\net6.0\images\playerleftsmall.png)
2023-05-22 19:50:31,320 WARNING [default] Unable to locate file for player (C:\msys64\home\User\CustomProgram\bin\Debug\net6.0\images\playerleftsmall.png)
2023-05-22 19:50:31,322 WARNING [default] Unable to locate file for fish4 (C:\msys64\home\User\CustomProgram\bin\Debug\net6.0\images\mediumright.png)
2023-05-22 19:50:31,322 WARNING [default] Unable to locate file for fish5 (C:\msys64\home\User\CustomProgram\bin\Debug\net6.0\images\largeleft.png)
2023-05-22 19:50:31,322 WARNING [default] Unable to locate file for player (C:\msys64\home\User\CustomProgram\bin\Debug\net6.0\images\playerleftsmall.png)
2023-05-22 19:50:31,343 WARNING [default] Unable to locate file for player (C:\msys64\home\User\CustomProgram\bin\Debug\net6.0\images\playerleftsmall.png)
2023-05-22 19:50:31,344 WARNING [default] Unable to locate file for fish3 (C:\msys64\home\User\CustomProgram\bin\Debug\net6.0\images\mediumleft.png)
2023-05-22 19:50:31,344 WARNING [default] Unable to locate file for fish5 (C:\msys64\home\User\CustomProgram\bin\Debug\net6.0\images\largeleft.png)
2023-05-22 19:50:31,347 WARNING [default] Unable to locate file for player (C:\msys64\home\User\CustomProgram\bin\Debug\net6.0\images\playerleftsmall.png)
2023-05-22 19:50:31,348 WARNING [default] Unable to locate file for player (C:\msys64\home\User\CustomProgram\bin\Debug\net6.0\images\playerleftsmall.png)
2023-05-22 19:50:31,349 WARNING [default] Unable to locate file for fish8 (C:\msys64\home\User\CustomProgram\bin\Debug\net6.0\images\sharkright.png)
2023-05-22 19:50:31,349 WARNING [default] Unable to locate file for player (C:\msys64\home\User\CustomProgram\bin\Debug\net6.0\images\playerleftsmall.png)
2023-05-22 19:56:35,146 WARNING [default] Unable to locate file for player (C:\msys64\home\User\CustomProgram\bin\Debug\net6.0\images\playerleftsmall.png)
2023-05-22 19:56:35,148 WARNING [default] Unable to locate file for fish4 (C:\msys64\home\User\CustomProgram\bin\Debug\net6.0\images\mediumright.png)
2023-05-22 19:56:35,149 WARNING [default] Unable to locate file for fish6 (C:\msys64\home\User\CustomProgram\bin\Debug\net6.0\images\largeright.png)
2023-05-22 19:56:35,149 WARNING [default] Unable to locate file for player (C:\msys64\home\User\CustomProgram\bin\Debug\net6.0\images\playerleftsmall.png)
2023-05-22 19:56:35,169 WARNING [default] Unable to locate file for player (C:\msys64\home\User\CustomProgram\bin\Debug\net6.0\images\playerleftsmall.png)
2023-05-22 19:56:35,169 WARNING [default] Unable to locate file for fish4 (C:\msys64\home\User\CustomProgram\bin\Debug\net6.0\images\mediumright.png)
2023-05-22 19:56:35,169 WARNING [default] Unable to locate file for fish5 (C:\msys64\home\User\CustomProgram\bin\Debug\net6.0\images\largeleft.png)
2023-05-22 19:56:35,173 WARNING [default] Unable to locate file for player (C:\msys64\home\User\CustomProgram\bin\Debug\net6.0\images\playerleftsmall.png)
2023-05-22 19:56:35,175 WARNING [default] Unable to locate file for player (C:\msys64\home\User\CustomProgram\bin\Debug\net6.0\images\playerleftsmall.png)
2023-05-22 19:56:35,175 WARNING [default] Unable to locate file for fish3 (C:\msys64\home\User\CustomProgram\bin\Debug\net6.0\images\mediumleft.png)
2023-05-22 19:56:35,175 WARNING [default] Unable to locate file for fish5 (C:\msys64\home\User\CustomProgram\bin\Debug\net6.0\images\largeleft.png)
2023-05-22 19:56:35,219 WARNING [default] Unable to locate file for player (C:\msys64\home\User\CustomProgram\bin\Debug\net6.0\images\playerleftsmall.png)
2023-05-22 19:56:35,219 WARNING [default] Unable to locate file for fish5 (C:\msys64\home\User\CustomProgram\bin\Debug\net6.0\images\largeleft.png)
2023-05-22 19:56:35,221 WARNING [default] Unable to locate file for player (C:\msys64\home\User\CustomProgram\bin\Debug\net6.0\images\playerleftsmall.png)
2023-05-22 19:56:35,221 WARNING [default] Unable to locate file for fish7 (C:\msys64\home\User\CustomProgram\bin\Debug\net6.0\images\sharkleft.png)
2023-05-22 19:56:35,222 WARNING [default] Unable to locate file for player (C:\msys64\home\User\CustomProgram\bin\Debug\net6.0\images\playerleftsmall.png)
2023-05-22 19:57:31,050 WARNING [default] Unable to locate file for player (C:\msys64\home\User\CustomProgram\bin\Debug\net6.0\images\playerleftsmall.png)
2023-05-22 19:57:31,053 WARNING [default] Unable to locate file for fish3 (C:\msys64\home\User\CustomProgram\bin\Debug\net6.0\images\mediumleft.png)
2023-05-22 19:57:31,053 WARNING [default] Unable to locate file for fish6 (C:\msys64\home\User\CustomProgram\bin\Debug\net6.0\images\largeright.png)
2023-05-22 19:57:31,053 WARNING [default] Unable to locate file for player (C:\msys64\home\User\CustomProgram\bin\Debug\net6.0\images\playerleftsmall.png)
2023-05-22 19:57:31,074 WARNING [default] Unable to locate file for player (C:\msys64\home\User\CustomProgram\bin\Debug\net6.0\images\playerleftsmall.png)
2023-05-22 19:57:31,074 WARNING [default] Unable to locate file for fish3 (C:\msys64\home\User\CustomProgram\bin\Debug\net6.0\images\mediumleft.png)
2023-05-22 19:57:31,074 WARNING [default] Unable to locate file for fish6 (C:\msys64\home\User\CustomProgram\bin\Debug\net6.0\images\largeright.png)
2023-05-22 19:57:31,077 WARNING [default] Unable to locate file for player (C:\msys64\home\User\CustomProgram\bin\Debug\net6.0\images\playerleftsmall.png)
2023-05-22 19:57:31,079 WARNING [default] Unable to locate file for player (C:\msys64\home\User\CustomProgram\bin\Debug\net6.0\images\playerleftsmall.png)
2023-05-22 19:57:31,079 WARNING [default] Unable to locate file for fish4 (C:\msys64\home\User\CustomProgram\bin\Debug\net6.0\images\mediumright.png)
2023-05-22 19:57:31,079 WARNING [default] Unable to locate file for fish5 (C:\msys64\home\User\CustomProgram\bin\Debug\net6.0\images\largeleft.png)
2023-05-22 19:57:31,123 WARNING [default] Unable to locate file for player (C:\msys64\home\User\CustomProgram\bin\Debug\net6.0\images\playerleftsmall.png)
2023-05-22 19:57:31,124 WARNING [default] Unable to locate file for fish7 (C:\msys64\home\User\CustomProgram\bin\Debug\net6.0\images\sharkleft.png)
2023-05-22 19:57:31,124 WARNING [default] Unable to locate file for player (C:\msys64\home\User\CustomProgram\bin\Debug\net6.0\images\playerleftsmall.png)
2023-05-22 19:57:44,468 WARNING [default] Unable to locate file for player (C:\msys64\home\User\CustomProgram\bin\Debug\net6.0\images\playerleftsmall.png)
2023-05-22 19:57:44,470 WARNING [default] Unable to locate file for fish3 (C:\msys64\home\User\CustomProgram\bin\Debug\net6.0\images\mediumleft.png)
2023-05-22 19:57:44,471 WARNING [default] Unable to locate file for fish5 (C:\msys64\home\User\CustomProgram\bin\Debug\net6.0\images\largeleft.png)
2023-05-22 19:57:44,471 WARNING [default] Unable to locate file for player (C:\msys64\home\User\CustomProgram\bin\Debug\net6.0\images\playerleftsmall.png)
2023-05-22 19:57:44,492 WARNING [default] Unable to locate file for player (C:\msys64\home\User\CustomProgram\bin\Debug\net6.0\images\playerleftsmall.png)
2023-05-22 19:57:44,492 WARNING [default] Unable to locate file for fish3 (C:\msys64\home\User\CustomProgram\bin\Debug\net6.0\images\mediumleft.png)
2023-05-22 19:57:44,492 WARNING [default] Unable to locate file for fish6 (C:\msys64\home\User\CustomProgram\bin\Debug\net6.0\images\largeright.png)
2023-05-22 19:57:44,495 WARNING [default] Unable to locate file for player (C:\msys64\home\User\CustomProgram\bin\Debug\net6.0\images\playerleftsmall.png)
2023-05-22 19:57:44,497 WARNING [default] Unable to locate file for player (C:\msys64\home\User\CustomProgram\bin\Debug\net6.0\images\playerleftsmall.png)
2023-05-22 19:57:44,497 WARNING [default] Unable to locate file for fish4 (C:\msys64\home\User\CustomProgram\bin\Debug\net6.0\images\mediumright.png)
2023-05-22 19:57:44,497 WARNING [default] Unable to locate file for fish5 (C:\msys64\home\User\CustomProgram\bin\Debug\net6.0\images\largeleft.png)
2023-05-22 19:57:44,498 WARNING [default] Unable to locate file for player (C:\msys64\home\User\CustomProgram\bin\Debug\net6.0\images\playerleftsmall.png)
2023-05-22 19:57:44,498 WARNING [default] Unable to locate file for fish7 (C:\msys64\home\User\CustomProgram\bin\Debug\net6.0\images\sharkleft.png)
2023-05-22 19:57:44,499 WARNING [default] Unable to locate file for player (C:\msys64\home\User\CustomProgram\bin\Debug\net6.0\images\playerleftsmall.png)
2023-05-22 19:58:01,671 WARNING [default] Unable to locate file for player (C:\msys64\home\User\CustomProgram\bin\Debug\net6.0\images\playerleftsmall.png)
2023-05-22 19:58:01,674 WARNING [default] Unable to locate file for fish3 (C:\msys64\home\User\CustomProgram\bin\Debug\net6.0\images\mediumleft.png)
2023-05-22 19:58:01,674 WARNING [default] Unable to locate file for fish6 (C:\msys64\home\User\CustomProgram\bin\Debug\net6.0\images\largeright.png)
2023-05-22 19:58:01,675 WARNING [default] Unable to locate file for player (C:\msys64\home\User\CustomProgram\bin\Debug\net6.0\images\playerleftsmall.png)
2023-05-22 19:58:01,695 WARNING [default] Unable to locate file for player (C:\msys64\home\User\CustomProgram\bin\Debug\net6.0\images\playerleftsmall.png)
2023-05-22 19:58:01,695 WARNING [default] Unable to locate file for fish4 (C:\msys64\home\User\CustomProgram\bin\Debug\net6.0\images\mediumright.png)
2023-05-22 19:58:01,695 WARNING [default] Unable to locate file for fish5 (C:\msys64\home\User\CustomProgram\bin\Debug\net6.0\images\largeleft.png)
2023-05-22 19:58:01,698 WARNING [default] Unable to locate file for player (C:\msys64\home\User\CustomProgram\bin\Debug\net6.0\images\playerleftsmall.png)
2023-05-22 19:58:01,700 WARNING [default] Unable to locate file for player (C:\msys64\home\User\CustomProgram\bin\Debug\net6.0\images\playerleftsmall.png)
2023-05-22 19:58:01,700 WARNING [default] Unable to locate file for fish3 (C:\msys64\home\User\CustomProgram\bin\Debug\net6.0\images\mediumleft.png)
2023-05-22 19:58:01,700 WARNING [default] Unable to locate file for fish5 (C:\msys64\home\User\CustomProgram\bin\Debug\net6.0\images\largeleft.png)
2023-05-22 19:58:01,701 WARNING [default] Unable to locate file for player (C:\msys64\home\User\CustomProgram\bin\Debug\net6.0\images\playerleftsmall.png)
2023-05-22 19:58:01,701 WARNING [default] Unable to locate file for fish5 (C:\msys64\home\User\CustomProgram\bin\Debug\net6.0\images\largeleft.png)
2023-05-22 19:58:01,701 WARNING [default] Unable to locate file for player (C:\msys64\home\User\CustomProgram\bin\Debug\net6.0\images\playerleftsmall.png)
2023-05-22 19:58:01,702 WARNING [default] Unable to locate file for fish7 (C:\msys64\home\User\CustomProgram\bin\Debug\net6.0\images\sharkleft.png)
2023-05-22 19:58:01,702 WARNING [default] Unable to locate file for player (C:\msys64\home\User\CustomProgram\bin\Debug\net6.0\images\playerleftsmall.png)
2023-05-22 19:58:10,832 WARNING [default] Unable to locate file for player (C:\msys64\home\User\CustomProgram\bin\Debug\net6.0\images\playerleftsmall.png)
2023-05-22 19:58:10,834 WARNING [default] Unable to locate file for fish3 (C:\msys64\home\User\CustomProgram\bin\Debug\net6.0\images\mediumleft.png)
2023-05-22 19:58:10,835 WARNING [default] Unable to locate file for fish5 (C:\msys64\home\User\CustomProgram\bin\Debug\net6.0\images\largeleft.png)
2023-05-22 19:58:10,835 WARNING [default] Unable to locate file for player (C:\msys64\home\User\CustomProgram\bin\Debug\net6.0\images\playerleftsmall.png)
2023-05-22 19:58:10,855 WARNING [default] Unable to locate file for player (C:\msys64\home\User\CustomProgram\bin\Debug\net6.0\images\playerleftsmall.png)
2023-05-22 19:58:10,855 WARNING [default] Unable to locate file for fish3 (C:\msys64\home\User\CustomProgram\bin\Debug\net6.0\images\mediumleft.png)
2023-05-22 19:58:10,855 WARNING [default] Unable to locate file for fish5 (C:\msys64\home\User\CustomProgram\bin\Debug\net6.0\images\largeleft.png)
2023-05-22 19:58:10,858 WARNING [default] Unable to locate file for player (C:\msys64\home\User\CustomProgram\bin\Debug\net6.0\images\playerleftsmall.png)
2023-05-22 19:58:10,860 WARNING [default] Unable to locate file for player (C:\msys64\home\User\CustomProgram\bin\Debug\net6.0\images\playerleftsmall.png)
2023-05-22 19:58:10,860 WARNING [default] Unable to locate file for fish3 (C:\msys64\home\User\CustomProgram\bin\Debug\net6.0\images\mediumleft.png)
2023-05-22 19:58:10,860 WARNING [default] Unable to locate file for fish5 (C:\msys64\home\User\CustomProgram\bin\Debug\net6.0\images\largeleft.png)
2023-05-22 19:58:10,861 WARNING [default] Unable to locate file for player (C:\msys64\home\User\CustomProgram\bin\Debug\net6.0\images\playerleftsmall.png)
2023-05-22 19:58:10,861 WARNING [default] Unable to locate file for fish5 (C:\msys64\home\User\CustomProgram\bin\Debug\net6.0\images\largeleft.png)
2023-05-22 19:58:10,905 WARNING [default] Unable to locate file for player (C:\msys64\home\User\CustomProgram\bin\Debug\net6.0\images\playerleftsmall.png)
2023-05-22 19:58:10,906 WARNING [default] Unable to locate file for fish7 (C:\msys64\home\User\CustomProgram\bin\Debug\net6.0\images\sharkleft.png)
2023-05-22 19:58:10,906 WARNING [default] Unable to locate file for player (C:\msys64\home\User\CustomProgram\bin\Debug\net6.0\images\playerleftsmall.png)
2023-05-22 20:02:12,728 WARNING [default] Unable to locate file for player (C:\msys64\home\User\CustomProgram\bin\Debug\net6.0\images\playerleftsmall.png)
2023-05-22 20:02:12,730 WARNING [default] Unable to locate file for fish4 (C:\msys64\home\User\CustomProgram\bin\Debug\net6.0\images\mediumright.png)
2023-05-22 20:02:12,730 WARNING [default] Unable to locate file for fish5 (C:\msys64\home\User\CustomProgram\bin\Debug\net6.0\images\largeleft.png)
2023-05-22 20:02:12,731 WARNING [default] Unable to locate file for player (C:\msys64\home\User\CustomProgram\bin\Debug\net6.0\images\playerleftsmall.png)
2023-05-22 20:02:12,752 WARNING [default] Unable to locate file for player (C:\msys64\home\User\CustomProgram\bin\Debug\net6.0\images\playerleftsmall.png)
2023-05-22 20:02:12,752 WARNING [default] Unable to locate file for fish4 (C:\msys64\home\User\CustomProgram\bin\Debug\net6.0\images\mediumright.png)
2023-05-22 20:02:12,752 WARNING [default] Unable to locate file for fish6 (C:\msys64\home\User\CustomProgram\bin\Debug\net6.0\images\largeright.png)
2023-05-22 20:02:12,755 WARNING [default] Unable to locate file for player (C:\msys64\home\User\CustomProgram\bin\Debug\net6.0\images\playerleftsmall.png)
2023-05-22 20:02:12,756 WARNING [default] Unable to locate file for player (C:\msys64\home\User\CustomProgram\bin\Debug\net6.0\images\playerleftsmall.png)
2023-05-22 20:02:12,757 WARNING [default] Unable to locate file for fish3 (C:\msys64\home\User\CustomProgram\bin\Debug\net6.0\images\mediumleft.png)
2023-05-22 20:02:12,757 WARNING [default] Unable to locate file for fish5 (C:\msys64\home\User\CustomProgram\bin\Debug\net6.0\images\largeleft.png)
2023-05-22 20:02:12,758 WARNING [default] Unable to locate file for player (C:\msys64\home\User\CustomProgram\bin\Debug\net6.0\images\playerleftsmall.png)
2023-05-22 20:02:12,758 WARNING [default] Unable to locate file for fish3 (C:\msys64\home\User\CustomProgram\bin\Debug\net6.0\images\mediumleft.png)
2023-05-22 20:02:12,758 WARNING [default] Unable to locate file for fish6 (C:\msys64\home\User\CustomProgram\bin\Debug\net6.0\images\largeright.png)
2023-05-22 20:02:12,758 WARNING [default] Unable to locate file for player (C:\msys64\home\User\CustomProgram\bin\Debug\net6.0\images\playerleftsmall.png)
2023-05-22 20:02:12,758 WARNING [default] Unable to locate file for fish6 (C:\msys64\home\User\CustomProgram\bin\Debug\net6.0\images\largeright.png)
2023-05-22 20:02:12,759 WARNING [default] Unable to locate file for player (C:\msys64\home\User\CustomProgram\bin\Debug\net6.0\images\playerleftsmall.png)
2023-05-22 20:02:12,759 WARNING [default] Unable to locate file for fish7 (C:\msys64\home\User\CustomProgram\bin\Debug\net6.0\images\sharkleft.png)
2023-05-22 20:02:12,760 WARNING [default] Unable to locate file for player (C:\msys64\home\User\CustomProgram\bin\Debug\net6.0\images\playerleftsmall.png)
2023-05-22 20:07:26,529 WARNING [default] Unable to locate file for player (C:\msys64\home\User\CustomProgram\bin\Debug\net6.0\images\playerleftsmall.png)
2023-05-22 20:07:26,532 WARNING [default] Unable to locate file for fish4 (C:\msys64\home\User\CustomProgram\bin\Debug\net6.0\images\mediumright.png)
2023-05-22 20:07:26,532 WARNING [default] Unable to locate file for fish6 (C:\msys64\home\User\CustomProgram\bin\Debug\net6.0\images\largeright.png)
2023-05-22 20:07:26,532 WARNING [default] Unable to locate file for player (C:\msys64\home\User\CustomProgram\bin\Debug\net6.0\images\playerleftsmall.png)
2023-05-22 20:07:26,554 WARNING [default] Unable to locate file for player (C:\msys64\home\User\CustomProgram\bin\Debug\net6.0\images\playerleftsmall.png)
2023-05-22 20:07:26,554 WARNING [default] Unable to locate file for fish4 (C:\msys64\home\User\CustomProgram\bin\Debug\net6.0\images\mediumright.png)
2023-05-22 20:07:26,554 WARNING [default] Unable to locate file for fish6 (C:\msys64\home\User\CustomProgram\bin\Debug\net6.0\images\largeright.png)
2023-05-22 20:07:26,557 WARNING [default] Unable to locate file for player (C:\msys64\home\User\CustomProgram\bin\Debug\net6.0\images\playerleftsmall.png)
2023-05-22 20:07:26,560 WARNING [default] Unable to locate file for player (C:\msys64\home\User\CustomProgram\bin\Debug\net6.0\images\playerleftsmall.png)
2023-05-22 20:07:26,560 WARNING [default] Unable to locate file for fish4 (C:\msys64\home\User\CustomProgram\bin\Debug\net6.0\images\mediumright.png)
2023-05-22 20:07:26,560 WARNING [default] Unable to locate file for fish5 (C:\msys64\home\User\CustomProgram\bin\Debug\net6.0\images\largeleft.png)
2023-05-22 20:07:26,561 WARNING [default] Unable to locate file for player (C:\msys64\home\User\CustomProgram\bin\Debug\net6.0\images\playerleftsmall.png)
2023-05-22 20:07:26,561 WARNING [default] Unable to locate file for fish3 (C:\msys64\home\User\CustomProgram\bin\Debug\net6.0\images\mediumleft.png)
2023-05-22 20:07:26,561 WARNING [default] Unable to locate file for fish5 (C:\msys64\home\User\CustomProgram\bin\Debug\net6.0\images\largeleft.png)
2023-05-22 20:07:26,562 WARNING [default] Unable to locate file for player (C:\msys64\home\User\CustomProgram\bin\Debug\net6.0\images\playerleftsmall.png)
2023-05-22 20:07:26,562 WARNING [default] Unable to locate file for fish5 (C:\msys64\home\User\CustomProgram\bin\Debug\net6.0\images\largeleft.png)
2023-05-22 20:07:26,563 WARNING [default] Unable to locate file for player (C:\msys64\home\User\CustomProgram\bin\Debug\net6.0\images\playerleftsmall.png)
2023-05-22 20:07:26,563 WARNING [default] Unable to locate file for fish8 (C:\msys64\home\User\CustomProgram\bin\Debug\net6.0\images\sharkright.png)
2023-05-22 20:07:26,564 WARNING [default] Unable to locate file for player (C:\msys64\home\User\CustomProgram\bin\Debug\net6.0\images\playerleftsmall.png)
2023-05-25 14:36:35,714 WARNING [default] Unable to locate file for player (C:\msys64\home\User\CustomProgram\bin\Debug\net6.0\images\playerleftsmall.png)
2023-05-25 14:36:35,725 WARNING [default] Unable to locate file for fish4 (C:\msys64\home\User\CustomProgram\bin\Debug\net6.0\images\mediumright.png)
2023-05-25 14:36:35,725 WARNING [default] Unable to locate file for fish5 (C:\msys64\home\User\CustomProgram\bin\Debug\net6.0\images\largeleft.png)
2023-05-25 14:36:35,725 WARNING [default] Unable to locate file for player (C:\msys64\home\User\CustomProgram\bin\Debug\net6.0\images\playerleftsmall.png)
2023-05-25 14:36:35,750 WARNING [default] Unable to locate file for player (C:\msys64\home\User\CustomProgram\bin\Debug\net6.0\images\playerleftsmall.png)
2023-05-25 14:36:35,750 WARNING [default] Unable to locate file for fish3 (C:\msys64\home\User\CustomProgram\bin\Debug\net6.0\images\mediumleft.png)
2023-05-25 14:36:35,750 WARNING [default] Unable to locate file for fish5 (C:\msys64\home\User\CustomProgram\bin\Debug\net6.0\images\largeleft.png)
2023-05-25 14:36:35,753 WARNING [default] Unable to locate file for player (C:\msys64\home\User\CustomProgram\bin\Debug\net6.0\images\playerleftsmall.png)
2023-05-25 14:36:35,755 WARNING [default] Unable to locate file for player (C:\msys64\home\User\CustomProgram\bin\Debug\net6.0\images\playerleftsmall.png)
2023-05-25 14:36:35,755 WARNING [default] Unable to locate file for fish3 (C:\msys64\home\User\CustomProgram\bin\Debug\net6.0\images\mediumleft.png)
2023-05-25 14:36:35,755 WARNING [default] Unable to locate file for fish5 (C:\msys64\home\User\CustomProgram\bin\Debug\net6.0\images\largeleft.png)
2023-05-25 14:36:35,756 WARNING [default] Unable to locate file for player (C:\msys64\home\User\CustomProgram\bin\Debug\net6.0\images\playerleftsmall.png)
2023-05-25 14:36:35,756 WARNING [default] Unable to locate file for fish4 (C:\msys64\home\User\CustomProgram\bin\Debug\net6.0\images\mediumright.png)
2023-05-25 14:36:35,756 WARNING [default] Unable to locate file for fish5 (C:\msys64\home\User\CustomProgram\bin\Debug\net6.0\images\largeleft.png)
2023-05-25 14:36:35,757 WARNING [default] Unable to locate file for player (C:\msys64\home\User\CustomProgram\bin\Debug\net6.0\images\playerleftsmall.png)
2023-05-25 14:36:35,757 WARNING [default] Unable to locate file for fish6 (C:\msys64\home\User\CustomProgram\bin\Debug\net6.0\images\largeright.png)
2023-05-25 14:36:35,757 WARNING [default] Unable to locate file for player (C:\msys64\home\User\CustomProgram\bin\Debug\net6.0\images\playerleftsmall.png)
2023-05-25 14:36:35,759 WARNING [default] Unable to locate file for fish7 (C:\msys64\home\User\CustomProgram\bin\Debug\net6.0\images\sharkleft.png)
2023-05-25 14:36:35,759 WARNING [default] Unable to locate file for player (C:\msys64\home\User\CustomProgram\bin\Debug\net6.0\images\playerleftsmall.png)
2023-05-25 15:26:41,790 WARNING [default] Unable to locate file for player (C:\msys64\home\User\CustomProgram\bin\Debug\net6.0\images\playerleftsmall.png)
2023-05-25 15:26:41,793 WARNING [default] Unable to locate file for fish4 (C:\msys64\home\User\CustomProgram\bin\Debug\net6.0\images\mediumright.png)
2023-05-25 15:26:41,793 WARNING [default] Unable to locate file for fish6 (C:\msys64\home\User\CustomProgram\bin\Debug\net6.0\images\largeright.png)
2023-05-25 15:26:41,793 WARNING [default] Unable to locate file for player (C:\msys64\home\User\CustomProgram\bin\Debug\net6.0\images\playerleftsmall.png)
2023-05-25 15:26:41,814 WARNING [default] Unable to locate file for player (C:\msys64\home\User\CustomProgram\bin\Debug\net6.0\images\playerleftsmall.png)
2023-05-25 15:26:41,814 WARNING [default] Unable to locate file for fish3 (C:\msys64\home\User\CustomProgram\bin\Debug\net6.0\images\mediumleft.png)
2023-05-25 15:26:41,814 WARNING [default] Unable to locate file for fish5 (C:\msys64\home\User\CustomProgram\bin\Debug\net6.0\images\largeleft.png)
2023-05-25 15:26:41,819 WARNING [default] Unable to locate file for player (C:\msys64\home\User\CustomProgram\bin\Debug\net6.0\images\playerleftsmall.png)
2023-05-25 15:26:41,821 WARNING [default] Unable to locate file for player (C:\msys64\home\User\CustomProgram\bin\Debug\net6.0\images\playerleftsmall.png)
2023-05-25 15:26:41,821 WARNING [default] Unable to locate file for fish4 (C:\msys64\home\User\CustomProgram\bin\Debug\net6.0\images\mediumright.png)
2023-05-25 15:26:41,821 WARNING [default] Unable to locate file for fish5 (C:\msys64\home\User\CustomProgram\bin\Debug\net6.0\images\largeleft.png)
2023-05-25 15:26:41,823 WARNING [default] Unable to locate file for player (C:\msys64\home\User\CustomProgram\bin\Debug\net6.0\images\playerleftsmall.png)
2023-05-25 15:26:41,823 WARNING [default] Unable to locate file for fish3 (C:\msys64\home\User\CustomProgram\bin\Debug\net6.0\images\mediumleft.png)
2023-05-25 15:26:41,823 WARNING [default] Unable to locate file for fish6 (C:\msys64\home\User\CustomProgram\bin\Debug\net6.0\images\largeright.png)
2023-05-25 15:26:41,824 WARNING [default] Unable to locate file for player (C:\msys64\home\User\CustomProgram\bin\Debug\net6.0\images\playerleftsmall.png)
2023-05-25 15:26:41,824 WARNING [default] Unable to locate file for fish6 (C:\msys64\home\User\CustomProgram\bin\Debug\net6.0\images\largeright.png)
2023-05-25 15:26:41,825 WARNING [default] Unable to locate file for player (C:\msys64\home\User\CustomProgram\bin\Debug\net6.0\images\playerleftsmall.png)
2023-05-25 15:26:41,826 WARNING [default] Unable to locate file for fish7 (C:\msys64\home\User\CustomProgram\bin\Debug\net6.0\images\sharkleft.png)
2023-05-25 15:26:41,827 WARNING [default] Unable to locate file for player (C:\msys64\home\User\CustomProgram\bin\Debug\net6.0\images\playerleftsmall.png)
2023-05-26 16:31:27,705 WARNING [default] Unable to locate file for player (C:\msys64\home\User\CustomProgram\bin\Debug\net6.0\images\playerleftsmall.png)
2023-05-26 16:31:27,709 WARNING [default] Unable to locate file for fish4 (C:\msys64\home\User\CustomProgram\bin\Debug\net6.0\images\mediumright.png)
2023-05-26 16:31:27,710 WARNING [default] Unable to locate file for fish6 (C:\msys64\home\User\CustomProgram\bin\Debug\net6.0\images\largeright.png)
2023-05-26 16:31:27,710 WARNING [default] Unable to locate file for player (C:\msys64\home\User\CustomProgram\bin\Debug\net6.0\images\playerleftsmall.png)
2023-05-26 16:31:27,733 WARNING [default] Unable to locate file for player (C:\msys64\home\User\CustomProgram\bin\Debug\net6.0\images\playerleftsmall.png)
2023-05-26 16:31:27,733 WARNING [default] Unable to locate file for fish3 (C:\msys64\home\User\CustomProgram\bin\Debug\net6.0\images\mediumleft.png)
2023-05-26 16:31:27,733 WARNING [default] Unable to locate file for fish6 (C:\msys64\home\User\CustomProgram\bin\Debug\net6.0\images\largeright.png)
2023-05-26 16:31:27,737 WARNING [default] Unable to locate file for player (C:\msys64\home\User\CustomProgram\bin\Debug\net6.0\images\playerleftsmall.png)
2023-05-26 16:53:03,025 WARNING [default] Unable to locate file for player (C:\msys64\home\User\CustomProgram\bin\Debug\net6.0\images\playerleftsmall.png)
2023-05-26 16:53:03,028 WARNING [default] Unable to locate file for fish3 (C:\msys64\home\User\CustomProgram\bin\Debug\net6.0\images\mediumleft.png)
2023-05-26 16:53:03,028 WARNING [default] Unable to locate file for fish5 (C:\msys64\home\User\CustomProgram\bin\Debug\net6.0\images\largeleft.png)
2023-05-26 16:53:03,028 WARNING [default] Unable to locate file for player (C:\msys64\home\User\CustomProgram\bin\Debug\net6.0\images\playerleftsmall.png)
2023-05-26 16:53:03,048 WARNING [default] Unable to locate file for player (C:\msys64\home\User\CustomProgram\bin\Debug\net6.0\images\playerleftsmall.png)
2023-05-26 16:53:03,049 WARNING [default] Unable to locate file for fish3 (C:\msys64\home\User\CustomProgram\bin\Debug\net6.0\images\mediumleft.png)
2023-05-26 16:53:03,049 WARNING [default] Unable to locate file for fish6 (C:\msys64\home\User\CustomProgram\bin\Debug\net6.0\images\largeright.png)
2023-05-26 16:53:03,052 WARNING [default] Unable to locate file for player (C:\msys64\home\User\CustomProgram\bin\Debug\net6.0\images\playerleftsmall.png)
2023-05-29 11:36:53,135 WARNING [default] Unable to locate file for player (C:\msys64\home\User\CustomProgram\bin\Debug\net6.0\images\playerleftsmall.png)
2023-05-29 11:36:53,144 WARNING [default] Unable to locate file for fish3 (C:\msys64\home\User\CustomProgram\bin\Debug\net6.0\images\mediumleft.png)
2023-05-29 11:36:53,144 WARNING [default] Unable to locate file for fish6 (C:\msys64\home\User\CustomProgram\bin\Debug\net6.0\images\largeright.png)
2023-05-29 11:36:53,145 WARNING [default] Unable to locate file for player (C:\msys64\home\User\CustomProgram\bin\Debug\net6.0\images\playerleftsmall.png)
2023-05-29 11:36:53,191 WARNING [default] Unable to locate file for player (C:\msys64\home\User\CustomProgram\bin\Debug\net6.0\images\playerleftsmall.png)
2023-05-29 11:36:53,191 WARNING [default] Unable to locate file for fish4 (C:\msys64\home\User\CustomProgram\bin\Debug\net6.0\images\mediumright.png)
2023-05-29 11:36:53,192 WARNING [default] Unable to locate file for fish5 (C:\msys64\home\User\CustomProgram\bin\Debug\net6.0\images\largeleft.png)
2023-05-29 11:36:53,199 WARNING [default] Unable to locate file for player (C:\msys64\home\User\CustomProgram\bin\Debug\net6.0\images\playerleftsmall.png)
2023-05-29 15:55:00,357 WARNING [default] Unable to locate file for player (C:\msys64\home\User\CustomProgram\bin\Debug\net6.0\images\playerleftsmall.png)
2023-05-29 15:55:00,361 WARNING [default] Unable to locate file for fish (C:\msys64\home\User\CustomProgram\bin\Debug\net6.0\images\smallleft.png)
2023-05-29 15:55:00,362 WARNING [default] Unable to locate file for fish6 (C:\msys64\home\User\CustomProgram\bin\Debug\net6.0\images\largeright.png)
2023-05-29 15:55:00,362 WARNING [default] Unable to locate file for player (C:\msys64\home\User\CustomProgram\bin\Debug\net6.0\images\playerleftsmall.png)
2023-05-29 15:55:00,387 WARNING [default] Unable to locate file for player (C:\msys64\home\User\CustomProgram\bin\Debug\net6.0\images\playerleftsmall.png)
2023-05-29 15:55:00,387 WARNING [default] Unable to locate file for fish4 (C:\msys64\home\User\CustomProgram\bin\Debug\net6.0\images\mediumright.png)
2023-05-29 15:55:00,387 WARNING [default] Unable to locate file for fish5 (C:\msys64\home\User\CustomProgram\bin\Debug\net6.0\images\largeleft.png)
2023-05-29 15:55:00,391 WARNING [default] Unable to locate file for player (C:\msys64\home\User\CustomProgram\bin\Debug\net6.0\images\playerleftsmall.png)
2023-05-29 19:07:29,634 WARNING [default] Unable to locate file for player (C:\msys64\home\User\CustomProgram\bin\Debug\net6.0\images\playerleftsmall.png)
2023-05-29 19:07:29,640 WARNING [default] Unable to locate file for fish (C:\msys64\home\User\CustomProgram\bin\Debug\net6.0\images\smallleft.png)
2023-05-29 19:07:29,641 WARNING [default] Unable to locate file for fish5 (C:\msys64\home\User\CustomProgram\bin\Debug\net6.0\images\largeleft.png)
2023-05-29 19:07:29,642 WARNING [default] Unable to locate file for player (C:\msys64\home\User\CustomProgram\bin\Debug\net6.0\images\playerleftsmall.png)
2023-05-29 19:07:29,682 WARNING [default] Unable to locate file for player (C:\msys64\home\User\CustomProgram\bin\Debug\net6.0\images\playerleftsmall.png)
2023-05-29 19:07:29,682 WARNING [default] Unable to locate file for fish3 (C:\msys64\home\User\CustomProgram\bin\Debug\net6.0\images\mediumleft.png)
2023-05-29 19:07:29,683 WARNING [default] Unable to locate file for fish5 (C:\msys64\home\User\CustomProgram\bin\Debug\net6.0\images\largeleft.png)
2023-05-29 19:07:29,687 WARNING [default] Unable to locate file for player (C:\msys64\home\User\CustomProgram\bin\Debug\net6.0\images\playerleftsmall.png)
2023-06-06 13:18:14,616 WARNING [default] Unable to locate file for player (C:\msys64\home\User\CustomProgram\bin\Debug\net6.0\images\playerleftsmall.png)
2023-06-06 13:18:14,626 WARNING [default] Unable to locate file for fish2 (C:\msys64\home\User\CustomProgram\bin\Debug\net6.0\images\smallright.png)
2023-06-06 13:18:14,627 WARNING [default] Unable to locate file for fish5 (C:\msys64\home\User\CustomProgram\bin\Debug\net6.0\images\largeleft.png)
2023-06-06 13:18:14,627 WARNING [default] Unable to locate file for player (C:\msys64\home\User\CustomProgram\bin\Debug\net6.0\images\playerleftsmall.png)
2023-06-06 13:18:14,658 WARNING [default] Unable to locate file for player (C:\msys64\home\User\CustomProgram\bin\Debug\net6.0\images\playerleftsmall.png)
2023-06-06 13:18:14,659 WARNING [default] Unable to locate file for fish3 (C:\msys64\home\User\CustomProgram\bin\Debug\net6.0\images\mediumleft.png)
2023-06-06 13:18:14,659 WARNING [default] Unable to locate file for fish6 (C:\msys64\home\User\CustomProgram\bin\Debug\net6.0\images\largeright.png)
2023-06-06 13:18:14,663 WARNING [default] Unable to locate file for player (C:\msys64\home\User\CustomProgram\bin\Debug\net6.0\images\playerleftsmall.png)
